RedpinAndroid/build/outputs/logs/manifest-merger-debug-report.txt
-- Merging decision tree log ---
manifest
ADDED from src\main\AndroidManifest.xml:2:1-49:12
	package
		ADDED from src\main\AndroidManifest.xml:3:7-35
		INJECTED from src\main\AndroidManifest.xml
		INJECTED from src\main\AndroidManifest.xml
	android:versionName
		ADDED from src\main\AndroidManifest.xml:5:7-32
		INJECTED from src\main\AndroidManifest.xml
		INJECTED from src\main\AndroidManifest.xml
	android:versionCode
		ADDED from src\main\AndroidManifest.xml:4:7-30
		INJECTED from src\main\AndroidManifest.xml
		INJECTED from src\main\AndroidManifest.xml
	xmlns:android
		ADDED from src\main\AndroidManifest.xml:2:11-69
application
ADDED from src\main\AndroidManifest.xml:6:5-34:15
	android:label
		ADDED from src\main\AndroidManifest.xml:6:48-80
	android:debuggable
		ADDED from src\main\AndroidManifest.xml:6:81-106
	android:icon
		ADDED from src\main\AndroidManifest.xml:6:18-47
	android:theme
		ADDED from src\main\AndroidManifest.xml:6:107-160
provider#org.redpin.android.provider.RedpinContentProvider
ADDED from src\main\AndroidManifest.xml:8:9-127
	android:authorities
		ADDED from src\main\AndroidManifest.xml:8:66-115
	android:name
		ADDED from src\main\AndroidManifest.xml:8:19-65
activity#org.redpin.android.ui.list.MainListActivity
ADDED from src\main\AndroidManifest.xml:10:3-56
	android:name
		ADDED from src\main\AndroidManifest.xml:10:13-53
activity#org.redpin.android.ui.NewMapActivity
ADDED from src\main\AndroidManifest.xml:11:3-81
	android:launchMode
		ADDED from src\main\AndroidManifest.xml:11:47-78
	android:name
		ADDED from src\main\AndroidManifest.xml:11:13-46
activity#org.redpin.android.ui.list.LocationListActivity
ADDED from src\main\AndroidManifest.xml:12:6-104
	android:launchMode
		ADDED from src\main\AndroidManifest.xml:12:61-92
	android:name
		ADDED from src\main\AndroidManifest.xml:12:16-60
activity#org.redpin.android.ui.list.MapListActivity
ADDED from src\main\AndroidManifest.xml:13:3-96
	android:launchMode
		ADDED from src\main\AndroidManifest.xml:13:53-84
	android:name
		ADDED from src\main\AndroidManifest.xml:13:13-52
activity#org.redpin.android.ui.SettingsActivity
ADDED from src\main\AndroidManifest.xml:14:3-92
	android:launchMode
		ADDED from src\main\AndroidManifest.xml:14:13-44
	android:name
		ADDED from src\main\AndroidManifest.xml:14:45-80
activity#org.redpin.android.ui.list.SearchListActivity
ADDED from src\main\AndroidManifest.xml:16:3-67
	android:name
		ADDED from src\main\AndroidManifest.xml:16:13-55
activity#org.redpin.android.ui.MapViewActivity
ADDED from src\main\AndroidManifest.xml:17:3-22:14
	android:label
		ADDED from src\main\AndroidManifest.xml:17:80-112
	android:launchMode
		ADDED from src\main\AndroidManifest.xml:17:48-79
	android:name
		ADDED from src\main\AndroidManifest.xml:17:13-47
intent-filter#android.intent.action.MAIN+android.intent.category.LAUNCHER
ADDED from src\main\AndroidManifest.xml:18:13-21:29
action#android.intent.action.MAIN
ADDED from src\main\AndroidManifest.xml:19:17-69
	android:name
		ADDED from src\main\AndroidManifest.xml:19:25-66
category#android.intent.category.LAUNCHER
ADDED from src\main\AndroidManifest.xml:20:17-77
	android:name
		ADDED from src\main\AndroidManifest.xml:20:27-74
uses-permission#android.permission.CHANGE_WIFI_STATE
ADDED from src\main\AndroidManifest.xml:37:1-72
	android:name
		ADDED from src\main\AndroidManifest.xml:37:18-69
uses-permission#android.permission.ACCESS_WIFI_STATE
ADDED from src\main\AndroidManifest.xml:39:1-72
	android:name
		ADDED from src\main\AndroidManifest.xml:39:18-69
uses-permission#android.permission.ACCESS_COARSE_LOCATION
ADDED from src\main\AndroidManifest.xml:41:1-77
	android:name
		ADDED from src\main\AndroidManifest.xml:41:18-74
uses-permission#android.permission.ACCESS_COARSE_UPDATES
ADDED from src\main\AndroidManifest.xml:42:1-76
	android:name
		ADDED from src\main\AndroidManifest.xml:42:18-73
uses-permission#android.permission.ACCESS_FINE_LOCATION
ADDED from src\main\AndroidManifest.xml:44:1-75
	android:name
		ADDED from src\main\AndroidManifest.xml:44:18-72
uses-permission#android.permission.WAKE_LOCK
ADDED from src\main\AndroidManifest.xml:45:1-64
	android:name
		ADDED from src\main\AndroidManifest.xml:45:18-61
uses-permission#android.permission.INTERNET
ADDED from src\main\AndroidManifest.xml:47:1-79
	android:name
		ADDED from src\main\AndroidManifest.xml:47:18-60
uses-sdk
ADDED from src\main\AndroidManifest.xml:48:1-77
	android:targetSdkVersion
		ADDED from src\main\AndroidManifest.xml:48:11-39
		INJECTED from src\main\AndroidManifest.xml
		INJECTED from src\main\AndroidManifest.xml
	android:minSdkVersion
		ADDED from src\main\AndroidManifest.xml:48:40-65
		INJECTED from src\main\AndroidManifest.xml
		INJECTED from src\main\AndroidManifest.xml